
Showing logs for build [32mcb-kubecd-environment-pr-191-17-cj4vr-1[0m stage [32mfrom-build-pack[0m and container [32mstep-credential-initializer-75rpp[0m
{"level":"warn","ts":1585586191.5166595,"logger":"fallback-logger","caller":"logging/config.go:69","msg":"Fetch GitHub commit ID from kodata failed: \"ref: refs/heads/0.8.0-**-support-backwards-incompats\" is not a valid GitHub commit ID"}
{"level":"info","ts":1585586191.5185685,"logger":"fallback-logger","caller":"creds-init/main.go:40","msg":"Credentials initialized."}

Showing logs for build [32mcb-kubecd-environment-pr-191-17-cj4vr-1[0m stage [32mfrom-build-pack[0m and container [32mstep-working-dir-initializer-w6zgd[0m
{"level":"warn","ts":1585586192.2931497,"logger":"fallback-logger","caller":"logging/config.go:69","msg":"Fetch GitHub commit ID from kodata failed: open /var/run/ko/HEAD: no such file or directory"}
{"level":"info","ts":1585586192.2945952,"logger":"fallback-logger","caller":"bash/main.go:64","msg":"Successfully executed command \"sh -c mkdir -p /workspace/source\"; output "}

Showing logs for build [32mcb-kubecd-environment-pr-191-17-cj4vr-1[0m stage [32mfrom-build-pack[0m and container [32mstep-place-tools[0m

Showing logs for build [32mcb-kubecd-environment-pr-191-17-cj4vr-1[0m stage [32mfrom-build-pack[0m and container [32mstep-git-source-cb-kubecd-environment-pr-191-17-cj4vr-clwtq[0m
{"level":"warn","ts":1585586205.478953,"logger":"fallback-logger","caller":"logging/config.go:69","msg":"Fetch GitHub commit ID from kodata failed: \"ref: refs/heads/0.8.0-**-support-backwards-incompats\" is not a valid GitHub commit ID"}
{"level":"info","ts":1585586206.9659147,"logger":"fallback-logger","caller":"git/git.go:103","msg":"Successfully cloned https://github.com/cb-kubecd/environment-pr-191-174-boot-vault-gke-staging.git @ master in path /workspace/source"}

Showing logs for build [32mcb-kubecd-environment-pr-191-17-cj4vr-1[0m stage [32mfrom-build-pack[0m and container [32mstep-git-merge[0m
Using SHAs from PULL_REFS=master:14a345946d3e864a7b9f4cda9b72d8ae357d22a8,1:7f64d018c8574c4923509d308a52849870fa67a7
DEBUG: LC_ALL=C JX_LOG_LEVEL=error git fetch origin --unshallow 7f64d018c8574c4923509d308a52849870fa67a7: 14a345946d3e864a7b9f4cda9b72d8ae357d22a8:
DEBUG: ran git fetch --unshallow origin 7f64d018c8574c4923509d308a52849870fa67a7: 14a345946d3e864a7b9f4cda9b72d8ae357d22a8: in 
DEBUG: LC_ALL=C JX_LOG_LEVEL=error git branch
DEBUG: LC_ALL=C JX_LOG_LEVEL=error git checkout master
DEBUG: ran git checkout master in 
DEBUG: LC_ALL=C JX_LOG_LEVEL=error git reset --hard 14a345946d3e864a7b9f4cda9b72d8ae357d22a8
DEBUG: ran git reset --hard 14a345946d3e864a7b9f4cda9b72d8ae357d22a8 in 
DEBUG: LC_ALL=C JX_LOG_LEVEL=error git clean -fd .
DEBUG: ran clean --force -d . in 
DEBUG: LC_ALL=C JX_LOG_LEVEL=error git merge 7f64d018c8574c4923509d308a52849870fa67a7
DEBUG: ran git merge 7f64d018c8574c4923509d308a52849870fa67a7 in 
DEBUG: LC_ALL=C JX_LOG_LEVEL=error git log --format=%H%x1f%an%x1f%ae%x1f%cn%x1f%ce%x1f%s%n%b%x1e 14a345946d3e864a7b9f4cda9b72d8ae357d22a8..HEAD
Merged SHA 7f64d018c8574c4923509d308a52849870fa67a7 with commit message 'chore: Promote bdd-spring-1585585879 to version 0.0.1' into base branch master

Showing logs for build [32mcb-kubecd-environment-pr-191-17-cj4vr-1[0m stage [32mfrom-build-pack[0m and container [32mstep-build-helm-build[0m
WARNING: No $CHART_REPOSITORY defined so using the default value of: http://jenkins-x-chartmuseum:8080
Adding missing Helm repo: storage.googleapis.com https://storage.googleapis.com/chartmuseum.jenkins-x.io
WARNING: No secrets found on "helm/repos" due: reading the secret "helm/repos" from vault: no secret "helm/repos" not found in vault
Read credentials for https://storage.googleapis.com/chartmuseum.jenkins-x.io from vault helm/repos
Successfully added Helm repository storage.googleapis.com.
Adding missing Helm repo: jenkins-x-chartmuseum http://jenkins-x-chartmuseum:8080
WARNING: No secrets found on "helm/repos" due: reading the secret "helm/repos" from vault: no secret "helm/repos" not found in vault
Read credentials for http://jenkins-x-chartmuseum:8080 from vault helm/repos
Successfully added Helm repository jenkins-x-chartmuseum.
WARNING: No $CHART_REPOSITORY defined so using the default value of: http://jenkins-x-chartmuseum:8080
Adding missing Helm repo: chartmuseum.jenkins-x.io http://chartmuseum.jenkins-x.io
WARNING: No secrets found on "helm/repos" due: reading the secret "helm/repos" from vault: no secret "helm/repos" not found in vault
Read credentials for http://chartmuseum.jenkins-x.io from vault helm/repos
Successfully added Helm repository chartmuseum.jenkins-x.io.
